Determining if the pthread_create exist failed with the following output:
Change Dir: /home/guoziwei/ROS/build/CMakeFiles/CMakeTmp

Run Build Command:"/usr/bin/make" "cmTC_63191/fast"
/usr/bin/make -f CMakeFiles/cmTC_63191.dir/build.make CMakeFiles/cmTC_63191.dir/build
make[1]: Entering directory '/home/guoziwei/ROS/build/CMakeFiles/CMakeTmp'
Building C object CMakeFiles/cmTC_63191.dir/CheckSymbolExists.c.o
/usr/bin/cc     -o CMakeFiles/cmTC_63191.dir/CheckSymbolExists.c.o   -c /home/guoziwei/ROS/build/CMakeFiles/CMakeTmp/CheckSymbolExists.c
Linking C executable cmTC_63191
/usr/bin/cmake -E cmake_link_script CMakeFiles/cmTC_63191.dir/link.txt --verbose=1
/usr/bin/cc       CMakeFiles/cmTC_63191.dir/CheckSymbolExists.c.o  -o cmTC_63191 -rdynamic 
CMakeFiles/cmTC_63191.dir/CheckSymbolExists.c.o：在函数‘main’中：
CheckSymbolExists.c:(.text+0x16)：对‘pthread_create’未定义的引用
collect2: error: ld returned 1 exit status
CMakeFiles/cmTC_63191.dir/build.make:97: recipe for target 'cmTC_63191' failed
make[1]: *** [cmTC_63191] Error 1
make[1]: Leaving directory '/home/guoziwei/ROS/build/CMakeFiles/CMakeTmp'
Makefile:126: recipe for target 'cmTC_63191/fast' failed
make: *** [cmTC_63191/fast] Error 2

File /home/guoziwei/ROS/build/CMakeFiles/CMakeTmp/CheckSymbolExists.c:
/* */
#include <pthread.h>

int main(int argc, char** argv)
{
  (void)argv;
#ifndef pthread_create
  return ((int*)(&pthread_create))[argc];
#else
  (void)argc;
  return 0;
#endif
}

Determining if the function pthread_create exists in the pthreads failed with the following output:
Change Dir: /home/guoziwei/ROS/build/CMakeFiles/CMakeTmp

Run Build Command:"/usr/bin/make" "cmTC_66b55/fast"
/usr/bin/make -f CMakeFiles/cmTC_66b55.dir/build.make CMakeFiles/cmTC_66b55.dir/build
make[1]: Entering directory '/home/guoziwei/ROS/build/CMakeFiles/CMakeTmp'
Building C object CMakeFiles/cmTC_66b55.dir/CheckFunctionExists.c.o
/usr/bin/cc    -DCHECK_FUNCTION_EXISTS=pthread_create   -o CMakeFiles/cmTC_66b55.dir/CheckFunctionExists.c.o   -c /usr/share/cmake-3.5/Modules/CheckFunctionExists.c
Linking C executable cmTC_66b55
/usr/bin/cmake -E cmake_link_script CMakeFiles/cmTC_66b55.dir/link.txt --verbose=1
/usr/bin/cc   -DCHECK_FUNCTION_EXISTS=pthread_create    CMakeFiles/cmTC_66b55.dir/CheckFunctionExists.c.o  -o cmTC_66b55 -rdynamic -lpthreads 
/usr/bin/ld: 找不到 -lpthreads
collect2: error: ld returned 1 exit status
CMakeFiles/cmTC_66b55.dir/build.make:97: recipe for target 'cmTC_66b55' failed
make[1]: *** [cmTC_66b55] Error 1
make[1]: Leaving directory '/home/guoziwei/ROS/build/CMakeFiles/CMakeTmp'
Makefile:126: recipe for target 'cmTC_66b55/fast' failed
make: *** [cmTC_66b55/fast] Error 2


